<?xml version="1.0" encoding="utf-8"?><testsuites name="pytest tests"><testsuite name="pytest" errors="0" failures="0" skipped="0" tests="26" time="1.364" timestamp="2026-01-21T00:33:18.730392+00:00" hostname="agent-env-392302b1-9185-49db-a28b-1dbe443a3233"><testcase classname="tests.test_mass_locations.TestMassLocationsAPI" name="test_get_all_locations" time="0.099" /><testcase classname="tests.test_mass_locations.TestMassLocationsAPI" name="test_get_locations_count" time="0.057" /><testcase classname="tests.test_mass_locations.TestMassLocationsAPI" name="test_filter_by_affiliation_sspx" time="0.047" /><testcase classname="tests.test_mass_locations.TestMassLocationsAPI" name="test_filter_by_affiliation_eastern_catholic" time="0.045" /><testcase classname="tests.test_mass_locations.TestMassLocationsAPI" name="test_filter_by_affiliation_ordinariate" time="0.044" /><testcase classname="tests.test_mass_locations.TestMassLocationsAPI" name="test_filter_by_affiliation_fssp" time="0.045" /><testcase classname="tests.test_mass_locations.TestMassLocationsAPI" name="test_filter_by_affiliation_icksp" time="0.039" /><testcase classname="tests.test_mass_locations.TestMassLocationsAPI" name="test_filter_by_affiliation_diocesan" time="0.041" /><testcase classname="tests.test_mass_locations.TestMassLocationsAPI" name="test_filter_by_state" time="0.041" /><testcase classname="tests.test_mass_locations.TestMassLocationsAPI" name="test_filter_by_state_california" time="0.039" /><testcase classname="tests.test_mass_locations.TestMassLocationsStats" name="test_get_stats" time="0.041" /><testcase classname="tests.test_mass_locations.TestMassLocationsStats" name="test_stats_total_count" time="0.041" /><testcase classname="tests.test_mass_locations.TestMassLocationsStats" name="test_stats_affiliation_counts" time="0.039" /><testcase classname="tests.test_mass_locations.TestMassLocationsStats" name="test_stats_rite_counts" time="0.040" /><testcase classname="tests.test_mass_locations.TestMassLocationsFilters" name="test_get_filters" time="0.046" /><testcase classname="tests.test_mass_locations.TestMassLocationsFilters" name="test_filters_affiliations" time="0.038" /><testcase classname="tests.test_mass_locations.TestMassLocationsFilters" name="test_filters_states_count" time="0.040" /><testcase classname="tests.test_mass_locations.TestMassLocationsSearch" name="test_search_by_city" time="0.052" /><testcase classname="tests.test_mass_locations.TestMassLocationsSearch" name="test_search_by_state_abbreviation" time="0.039" /><testcase classname="tests.test_mass_locations.TestMassLocationsSearch" name="test_search_by_parish_name" time="0.039" /><testcase classname="tests.test_mass_locations.TestMassLocationsSearch" name="test_search_with_affiliation_filter" time="0.037" /><testcase classname="tests.test_mass_locations.TestMassLocationsSearch" name="test_search_no_results" time="0.035" /><testcase classname="tests.test_mass_locations.TestMassLocationDetail" name="test_get_location_by_id" time="0.078" /><testcase classname="tests.test_mass_locations.TestMassLocationDetail" name="test_get_location_not_found" time="0.039" /><testcase classname="tests.test_mass_locations.TestHealthAndRoot" name="test_health_check" time="0.038" /><testcase classname="tests.test_mass_locations.TestHealthAndRoot" name="test_root_endpoint" time="0.039" /></testsuite></testsuites>