<?xml version="1.0" encoding="utf-8"?><testsuites name="pytest tests"><testsuite name="pytest" errors="0" failures="0" skipped="0" tests="18" time="0.931" timestamp="2026-01-21T01:54:45.561974+00:00" hostname="agent-env-392302b1-9185-49db-a28b-1dbe443a3233"><testcase classname="tests.test_new_features.TestMassLocationsStats" name="test_stats_returns_309_total" time="0.065" /><testcase classname="tests.test_new_features.TestMassLocationsStats" name="test_stats_icksp_count" time="0.044" /><testcase classname="tests.test_new_features.TestMassLocationsStats" name="test_stats_fssp_count" time="0.042" /><testcase classname="tests.test_new_features.TestMassLocationsStats" name="test_stats_sspx_count" time="0.041" /><testcase classname="tests.test_new_features.TestMassLocationsStats" name="test_stats_eastern_catholic_count" time="0.039" /><testcase classname="tests.test_new_features.TestMassLocationsStats" name="test_stats_ordinariate_count" time="0.042" /><testcase classname="tests.test_new_features.TestMassLocationsFiltering" name="test_filter_icksp_returns_27" time="0.039" /><testcase classname="tests.test_new_features.TestMassLocationsFiltering" name="test_filter_fssp_returns_19" time="0.042" /><testcase classname="tests.test_new_features.TestMassLocationsFiltering" name="test_icksp_locations_have_correct_affiliation" time="0.042" /><testcase classname="tests.test_new_features.TestMassLocationsFiltering" name="test_fssp_locations_have_correct_affiliation" time="0.044" /><testcase classname="tests.test_new_features.TestMassLocationsSearch" name="test_search_by_city" time="0.038" /><testcase classname="tests.test_new_features.TestMassLocationsSearch" name="test_search_by_state" time="0.041" /><testcase classname="tests.test_new_features.TestMassLocationsSearch" name="test_nearby_search_with_coordinates" time="0.049" /><testcase classname="tests.test_new_features.TestDailySaint" name="test_today_saint_returns_data" time="0.038" /><testcase classname="tests.test_new_features.TestDailySaint" name="test_today_saint_has_youtube_url" time="0.043" /><testcase classname="tests.test_new_features.TestMassLocationsFilters" name="test_filters_returns_affiliations" time="0.044" /><testcase classname="tests.test_new_features.TestMassLocationsFilters" name="test_filters_returns_states" time="0.046" /><testcase classname="tests.test_new_features.TestHealthEndpoint" name="test_health_returns_healthy" time="0.039" /></testsuite></testsuites>