<?xml version="1.0" encoding="utf-8"?><testsuites name="pytest tests"><testsuite name="pytest" errors="0" failures="1" skipped="0" tests="25" time="5.291" timestamp="2026-01-21T03:54:58.239566+00:00" hostname="agent-env-67956733-5f97-4bbc-a34a-2443e118633a"><testcase classname="tests.test_admin_features.TestAdminLogin" name="test_admin_login_success" time="0.305" /><testcase classname="tests.test_admin_features.TestAdminLogin" name="test_admin_login_invalid_username" time="0.039" /><testcase classname="tests.test_admin_features.TestAdminLogin" name="test_admin_login_invalid_password" time="0.261" /><testcase classname="tests.test_admin_features.TestAdminLogin" name="test_admin_me_with_valid_token" time="0.300" /><testcase classname="tests.test_admin_features.TestAdminLogin" name="test_admin_me_without_token" time="0.042" /><testcase classname="tests.test_admin_features.TestAdminLocations" name="test_admin_get_locations" time="0.306" /><testcase classname="tests.test_admin_features.TestAdminLocations" name="test_admin_get_locations_with_search" time="0.302" /><testcase classname="tests.test_admin_features.TestAdminLocations" name="test_admin_get_locations_with_affiliation_filter" time="0.303" /><testcase classname="tests.test_admin_features.TestAdminLocations" name="test_admin_get_single_location" time="0.340"><failure message="AssertionError: Expected 200, got 404&#10;assert 404 == 200&#10; +  where 404 = &lt;Response [404]&gt;.status_code">tests/test_admin_features.py:153: in test_admin_get_single_location
    assert response.status_code == 200, f"Expected 200, got {response.status_code}"
E   AssertionError: Expected 200, got 404
E   assert 404 == 200
E    +  where 404 = &lt;Response [404]&gt;.status_code</failure></testcase><testcase classname="tests.test_admin_features.TestAdminLocations" name="test_admin_create_location" time="0.308" /><testcase classname="tests.test_admin_features.TestAdminLocations" name="test_admin_update_location" time="0.415" /><testcase classname="tests.test_admin_features.TestAdminLocations" name="test_admin_delete_location" time="0.334" /><testcase classname="tests.test_admin_features.TestAdminLocations" name="test_admin_locations_unauthorized" time="0.036" /><testcase classname="tests.test_admin_features.TestUserSuggestions" name="test_submit_new_location_suggestion" time="0.037" /><testcase classname="tests.test_admin_features.TestUserSuggestions" name="test_submit_edit_suggestion" time="0.342" /><testcase classname="tests.test_admin_features.TestUserSuggestions" name="test_honeypot_spam_detection" time="0.044" /><testcase classname="tests.test_admin_features.TestUserSuggestions" name="test_admin_get_suggestions" time="0.299" /><testcase classname="tests.test_admin_features.TestUserSuggestions" name="test_admin_get_pending_suggestions" time="0.297" /><testcase classname="tests.test_admin_features.TestUserSuggestions" name="test_admin_approve_suggestion" time="0.331" /><testcase classname="tests.test_admin_features.TestUserSuggestions" name="test_admin_reject_suggestion" time="0.330" /><testcase classname="tests.test_admin_features.TestUserSuggestions" name="test_admin_suggestions_unauthorized" time="0.042" /><testcase classname="tests.test_admin_features.TestProtectedRoutes" name="test_admin_locations_requires_auth" time="0.050" /><testcase classname="tests.test_admin_features.TestProtectedRoutes" name="test_admin_suggestions_requires_auth" time="0.038" /><testcase classname="tests.test_admin_features.TestProtectedRoutes" name="test_admin_me_requires_auth" time="0.039" /><testcase classname="tests.test_admin_features.TestProtectedRoutes" name="test_invalid_token_rejected" time="0.038" /></testsuite></testsuites>